\BOOKMARK [1][-]{section.1}{\376\377\137\025\212\000}{}% 1
\BOOKMARK [2][-]{subsection.1.1}{\376\377\230\171\166\356\200\314\146\157}{section.1}% 2
\BOOKMARK [2][-]{subsection.1.2}{\376\377\213\276\213\241\166\356\150\007}{section.1}% 3
\BOOKMARK [1][-]{section.2}{\376\377\174\373\176\337\140\073\117\123\213\276\213\241}{}% 4
\BOOKMARK [2][-]{subsection.2.1}{\376\377\140\073\117\123\147\266\147\204}{section.2}% 5
\BOOKMARK [2][-]{subsection.2.2}{\376\377\174\373\176\337\135\345\117\134\123\237\164\006}{section.2}% 6
\BOOKMARK [2][-]{subsection.2.3}{\376\377\145\160\143\156\155\101\213\276\213\241}{section.2}% 7
\BOOKMARK [1][-]{section.3}{\376\377\170\154\116\366\174\373\176\337\213\276\213\241}{}% 8
\BOOKMARK [2][-]{subsection.3.1}{\376\377\170\154\116\366\156\005\123\125}{section.3}% 9
\BOOKMARK [2][-]{subsection.3.2}{\376\377\170\154\116\366\147\204\142\020}{section.3}% 10
\BOOKMARK [2][-]{subsection.3.3}{\376\377\137\025\201\032\122\006\221\115}{section.3}% 11
\BOOKMARK [2][-]{subsection.3.4}{\376\377\126\376\116\146\213\306\122\053\152\041\127\127}{section.3}% 12
\BOOKMARK [2][-]{subsection.3.5}{\376\377\163\257\130\203\166\321\155\113\116\016\230\316\142\107\143\247\122\066}{section.3}% 13
\BOOKMARK [1][-]{section.4}{\376\377\000E\000S\000P\0003\0002\000\040\172\013\136\217\213\276\213\241}{}% 14
\BOOKMARK [2][-]{subsection.4.1}{\376\377\137\000\123\321\163\257\130\203\116\016\117\235\215\126}{section.4}% 15
\BOOKMARK [2][-]{subsection.4.2}{\376\377\162\266\140\001\147\072\213\276\213\241}{section.4}% 16
\BOOKMARK [2][-]{subsection.4.3}{\376\377\126\376\116\146\120\037\217\330\220\073\217\221}{section.4}% 17
\BOOKMARK [2][-]{subsection.4.4}{\376\377\000M\000Q\000T\000T\000\040\134\136\140\047\116\012\142\245\116\016\124\175\116\344\131\004\164\006}{section.4}% 18
\BOOKMARK [2][-]{subsection.4.5}{\376\377\000E\000S\000P\0003\0002\000\040\220\350\177\162\000\040\000D\000e\000e\000p\000S\000e\000e\000k}{section.4}% 19
\BOOKMARK [1][-]{section.5}{\376\377\123\116\116\072\116\221\172\357\147\015\122\241\213\276\213\241}{}% 20
\BOOKMARK [2][-]{subsection.5.1}{\376\377\000I\000o\000T\000D\000A\000\040\213\276\131\007\143\245\121\145}{section.5}% 21
\BOOKMARK [2][-]{subsection.5.2}{\376\377\000O\000B\000S\000\040\117\335\133\130\145\160\143\156}{section.5}% 22
\BOOKMARK [2][-]{subsection.5.3}{\376\377\213\276\131\007\200\124\122\250}{section.5}% 23
\BOOKMARK [1][-]{section.6}{\376\377\137\256\117\341\134\017\172\013\136\217\213\276\213\241}{}% 24
\BOOKMARK [2][-]{subsection.6.1}{\376\377\230\165\227\142\176\323\147\204}{section.6}% 25
\BOOKMARK [2][-]{subsection.6.2}{\376\377\116\073\230\165\227\142\122\237\200\375}{section.6}% 26
\BOOKMARK [2][-]{subsection.6.3}{\376\377\116\146\147\266\116\016\173\024\213\260\122\237\200\375}{section.6}% 27
\BOOKMARK [2][-]{subsection.6.4}{\376\377\000A\000I\000\040\133\371\213\335\122\237\200\375}{section.6}% 28
\BOOKMARK [1][-]{section.7}{\376\377\133\236\232\214\217\307\172\013}{}% 29
\BOOKMARK [1][-]{section.8}{\376\377\174\373\176\337\214\003\213\325\116\016\225\356\230\230\211\343\121\263}{}% 30
\BOOKMARK [1][-]{section.9}{\376\377\133\236\232\214\176\323\147\234}{}% 31
\BOOKMARK [2][-]{subsection.9.1}{\376\377\122\237\200\375\155\113\213\325\211\306\230\221}{section.9}% 32
\BOOKMARK [2][-]{subsection.9.2}{\376\377\133\236\232\214\156\220\116\343\170\001}{section.9}% 33
\BOOKMARK [1][-]{section.10}{\376\377\140\073\176\323\116\016\134\125\147\033}{}% 34
\BOOKMARK [2][-]{subsection.10.1}{\376\377\230\171\166\356\142\020\147\234}{section.10}% 35
\BOOKMARK [2][-]{subsection.10.2}{\376\377\116\015\215\263\116\016\145\071\217\333\145\271\124\021}{section.10}% 36
\BOOKMARK [2][-]{subsection.10.3}{\376\377\137\303\137\227\117\123\117\032}{section.10}% 37
\BOOKMARK [1][-]{appendix.A}{\376\377\226\104\137\125}{}% 38
